<?xml version="1.0" encoding="UTF-8"?>
<!-- Generated by org.testng.reporters.JUnitReportReporter -->
<testsuite skipped="0" hostname="DESKTOP-5EBOMM6" name="tests.DeleateLead" tests="1" failures="0" timestamp="04 Jul 2018 18:01:58 GMT" time="29.355" errors="0">
  <testcase name="deleateLead" time="29.355" classname="tests.DeleateLead"/>
</testsuite> <!-- tests.DeleateLead -->
