<?xml version="1.0" encoding="UTF-8"?>
<!-- Generated by org.testng.reporters.JUnitReportReporter -->
<testsuite skipped="0" hostname="DESKTOP-5EBOMM6" name="tests.CreateLead2" tests="1" failures="0" timestamp="04 Jul 2018 12:44:11 GMT" time="30.928" errors="0">
  <testcase name="createLead" time="30.928" classname="tests.CreateLead2"/>
</testsuite> <!-- tests.CreateLead2 -->
