<?xml version="1.0" encoding="UTF-8"?>
<!-- Generated by org.testng.reporters.JUnitReportReporter -->
<testsuite skipped="0" hostname="DESKTOP-5EBOMM6" name="tests.OrderFlipkart" tests="1" failures="0" timestamp="21 Jun 2018 11:41:05 GMT" time="10.329" errors="0">
  <testcase name="order" time="10.329" classname="tests.OrderFlipkart"/>
</testsuite> <!-- tests.OrderFlipkart -->
