<?xml version="1.0" encoding="UTF-8"?>
<!-- Generated by org.testng.reporters.JUnitReportReporter -->
<testsuite skipped="0" hostname="DESKTOP-5EBOMM6" name="tests.AccountCreation" tests="1" failures="0" timestamp="17 Jun 2018 11:24:55 GMT" time="51.811" errors="0">
  <testcase name="accountCreation" time="51.811" classname="tests.AccountCreation"/>
</testsuite> <!-- tests.AccountCreation -->
